0 info it worked if it ends with ok
1 verbose cli [ '/usr/bin/node', '/usr/bin/npm', 'start' ]
2 info using npm@1.4.14
3 info using node@v0.10.29
4 verbose node symlink /usr/bin/node
5 verbose run-script [ 'prestart', 'start', 'poststart' ]
6 info prestart my-awesome-cujoJS-app@0.3.0
7 info start my-awesome-cujoJS-app@0.3.0
8 verbose unsafe-perm in lifecycle true
9 info my-awesome-cujoJS-app@0.3.0 Failed to exec start script
10 error my-awesome-cujoJS-app@0.3.0 start: `serv --port 8000`
10 error Exit status 8
11 error Failed at the my-awesome-cujoJS-app@0.3.0 start script.
11 error This is most likely a problem with the my-awesome-cujoJS-app package,
11 error not with npm itself.
11 error Tell the author that this fails on your system:
11 error     serv --port 8000
11 error You can get their info via:
11 error     npm owner ls my-awesome-cujoJS-app
11 error There is likely additional logging output above.
12 error System Linux 3.13.0-32-generic
13 error command "/usr/bin/node" "/usr/bin/npm" "start"
14 error cwd /home/fabrice/work/springone/seed
15 error node -v v0.10.29
16 error npm -v 1.4.14
17 error code ELIFECYCLE
18 verbose exit [ 1, true ]
